<?xml version="1.0" encoding="UTF-8"?>
<!-- Generated by org.testng.reporters.JUnitXMLReporter -->
<testsuite ignored="1" hostname="IBM-PF36EAYE" failures="0" tests="1" name="Default test" time="3.557" errors="0" timestamp="2024-03-20T12:49:44 IST">
  <testcase classname="PK_GraphQL.GraphQL_QueryTest" name="getPokemonDetails" time="3.525"/>
  <testcase classname="PK_GraphQL.GraphQL_QueryTest" name="getAllFilmsTest" time="0.0">
    <ignored/>
  </testcase> <!-- getAllFilmsTest -->
</testsuite> <!-- Default test -->
