<?xml version="1.0" encoding="UTF-8"?>
<testng-results total="2" passed="2" failed="0" skipped="0">
  <reporter-output>
  </reporter-output>
  <suite started-at="2024-03-20T11:34:42Z" name="Suite" finished-at="2024-03-20T11:34:48Z" duration-ms="6257">
    <groups>
    </groups>
    <test started-at="2024-03-20T11:34:42Z" name="TestSample" finished-at="2024-03-20T11:34:48Z" duration-ms="6257">
      <class name="pk_spreeCommerce.GET_RetrieveACountry">
        <test-method signature="getDefaultCountry()[pri:0, instance:pk_spreeCommerce.GET_RetrieveACountry@ea6147e]" started-at="2024-03-20T17:04:42Z" name="getDefaultCountry" finished-at="2024-03-20T17:04:47Z" duration-ms="4458" status="PASS">
          <reporter-output>
          </reporter-output>
        </test-method> <!-- getDefaultCountry -->
      </class> <!-- pk_spreeCommerce.GET_RetrieveACountry -->
      <class name="pk_spreeCommerce.GET_GetDefaultCountry">
        <test-method signature="getDefaultCountry()[pri:0, instance:pk_spreeCommerce.GET_GetDefaultCountry@2df9b86]" started-at="2024-03-20T17:04:47Z" name="getDefaultCountry" finished-at="2024-03-20T17:04:48Z" duration-ms="1757" status="PASS">
          <reporter-output>
          </reporter-output>
        </test-method> <!-- getDefaultCountry -->
      </class> <!-- pk_spreeCommerce.GET_GetDefaultCountry -->
    </test> <!-- TestSample -->
  </suite> <!-- Suite -->
</testng-results>
