<?xml version="1.0" encoding="UTF-8"?>
<testng-results total="2" passed="2" failed="0" skipped="0">
  <reporter-output>
  </reporter-output>
  <suite started-at="2024-03-20T11:41:01Z" name="Suite" finished-at="2024-03-20T11:41:09Z" duration-ms="7632">
    <groups>
    </groups>
    <test started-at="2024-03-20T11:41:01Z" name="TestSample" finished-at="2024-03-20T11:41:09Z" duration-ms="7632">
      <class name="pk_spreeCommerce.GET_RetrieveACountry">
        <test-method signature="getDefaultCountry()[pri:0, instance:pk_spreeCommerce.GET_RetrieveACountry@702b8b12]" started-at="2024-03-20T17:11:01Z" name="getDefaultCountry" finished-at="2024-03-20T17:11:07Z" duration-ms="6265" status="PASS">
          <reporter-output>
          </reporter-output>
        </test-method> <!-- getDefaultCountry -->
      </class> <!-- pk_spreeCommerce.GET_RetrieveACountry -->
      <class name="pk_spreeCommerce.GET_GetDefaultCountry">
        <test-method signature="getDefaultCountry()[pri:0, instance:pk_spreeCommerce.GET_GetDefaultCountry@223aa2f7]" started-at="2024-03-20T17:11:07Z" name="getDefaultCountry" finished-at="2024-03-20T17:11:09Z" duration-ms="1329" status="PASS">
          <reporter-output>
          </reporter-output>
        </test-method> <!-- getDefaultCountry -->
      </class> <!-- pk_spreeCommerce.GET_GetDefaultCountry -->
    </test> <!-- TestSample -->
  </suite> <!-- Suite -->
</testng-results>
